  Box.cpp
  Graphics.cpp
C:\Users\Cao Thi\Desktop\Project-OOP\VoLamTruyenKi\soure\VoLamTruyenKI\VoLamTruyenKi\Graphics.cpp(23,15): warning C4838: conversion from 'int' to 'SHORT' requires a narrowing conversion
C:\Users\Cao Thi\Desktop\Project-OOP\VoLamTruyenKi\soure\VoLamTruyenKI\VoLamTruyenKi\Graphics.cpp(23,18): warning C4838: conversion from 'int' to 'SHORT' requires a narrowing conversion
  Intro.cpp
C:\Users\Cao Thi\Desktop\Project-OOP\VoLamTruyenKi\soure\VoLamTruyenKI\VoLamTruyenKi\Intro.cpp(14,38): warning C4244: 'argument': conversion from 'double' to 'int', possible loss of data
C:\Users\Cao Thi\Desktop\Project-OOP\VoLamTruyenKi\soure\VoLamTruyenKI\VoLamTruyenKi\Intro.cpp(16,20): warning C4018: '<': signed/unsigned mismatch
  NhanVat.cpp
  QuaiVat.cpp
  SelectCharacters.cpp
C:\Users\Cao Thi\Desktop\Project-OOP\VoLamTruyenKi\soure\VoLamTruyenKI\VoLamTruyenKi\SelectCharacters.cpp(5,21): warning C4244: 'argument': conversion from 'double' to 'int', possible loss of data
C:\Users\Cao Thi\Desktop\Project-OOP\VoLamTruyenKi\soure\VoLamTruyenKI\VoLamTruyenKi\SelectCharacters.cpp(8,20): warning C4018: '<': signed/unsigned mismatch
C:\Users\Cao Thi\Desktop\Project-OOP\VoLamTruyenKi\soure\VoLamTruyenKI\VoLamTruyenKi\SelectCharacters.cpp(17,9): warning C4244: 'initializing': conversion from 'double' to 'int', possible loss of data
C:\Users\Cao Thi\Desktop\Project-OOP\VoLamTruyenKi\soure\VoLamTruyenKI\VoLamTruyenKi\SelectCharacters.cpp(18,9): warning C4244: 'initializing': conversion from 'double' to 'int', possible loss of data
C:\Users\Cao Thi\Desktop\Project-OOP\VoLamTruyenKi\soure\VoLamTruyenKI\VoLamTruyenKi\SelectCharacters.cpp(19,8): warning C4244: 'initializing': conversion from 'double' to 'int', possible loss of data
C:\Users\Cao Thi\Desktop\Project-OOP\VoLamTruyenKi\soure\VoLamTruyenKI\VoLamTruyenKi\SelectCharacters.cpp(20,8): warning C4244: 'initializing': conversion from 'double' to 'int', possible loss of data
C:\Users\Cao Thi\Desktop\Project-OOP\VoLamTruyenKi\soure\VoLamTruyenKI\VoLamTruyenKi\SelectCharacters.cpp(45,25): warning C4244: '=': conversion from 'double' to 'int', possible loss of data
C:\Users\Cao Thi\Desktop\Project-OOP\VoLamTruyenKi\soure\VoLamTruyenKI\VoLamTruyenKi\SelectCharacters.cpp(75,9): warning C4244: 'initializing': conversion from 'double' to 'int', possible loss of data
C:\Users\Cao Thi\Desktop\Project-OOP\VoLamTruyenKi\soure\VoLamTruyenKI\VoLamTruyenKi\SelectCharacters.cpp(77,8): warning C4244: 'initializing': conversion from 'double' to 'int', possible loss of data
C:\Users\Cao Thi\Desktop\Project-OOP\VoLamTruyenKi\soure\VoLamTruyenKI\VoLamTruyenKi\SelectCharacters.cpp(78,8): warning C4244: 'initializing': conversion from 'double' to 'int', possible loss of data
  Sound.cpp
  TuongKhac.cpp
  VoLamTruyenKi.cpp
C:\Users\Cao Thi\Desktop\Project-OOP\VoLamTruyenKi\soure\VoLamTruyenKI\VoLamTruyenKi\VoLamTruyenKi.cpp(19,13): warning C4353: nonstandard extension used: constant 0 as function expression.  Use '__noop' function intrinsic instead
  XuLi.cpp
C:\Users\Cao Thi\Desktop\Project-OOP\VoLamTruyenKi\soure\VoLamTruyenKI\VoLamTruyenKi\XuLi.cpp(23,24): warning C4244: 'argument': conversion from 'double' to 'int', possible loss of data
C:\Users\Cao Thi\Desktop\Project-OOP\VoLamTruyenKi\soure\VoLamTruyenKI\VoLamTruyenKi\XuLi.cpp(40,20): warning C4244: 'initializing': conversion from 'int' to 'float', possible loss of data
C:\Users\Cao Thi\Desktop\Project-OOP\VoLamTruyenKi\soure\VoLamTruyenKI\VoLamTruyenKi\XuLi.cpp(41,20): warning C4244: 'initializing': conversion from 'int' to 'float', possible loss of data
C:\Users\Cao Thi\Desktop\Project-OOP\VoLamTruyenKi\soure\VoLamTruyenKI\VoLamTruyenKi\XuLi.cpp(43,36): warning C4244: '=': conversion from 'double' to 'float', possible loss of data
C:\Users\Cao Thi\Desktop\Project-OOP\VoLamTruyenKi\soure\VoLamTruyenKI\VoLamTruyenKi\XuLi.cpp(46,36): warning C4244: '=': conversion from 'double' to 'float', possible loss of data
C:\Users\Cao Thi\Desktop\Project-OOP\VoLamTruyenKi\soure\VoLamTruyenKI\VoLamTruyenKi\XuLi.cpp(47,36): warning C4244: '=': conversion from 'double' to 'float', possible loss of data
C:\Users\Cao Thi\Desktop\Project-OOP\VoLamTruyenKi\soure\VoLamTruyenKI\VoLamTruyenKi\XuLi.cpp(51,36): warning C4244: '=': conversion from 'double' to 'float', possible loss of data
C:\Users\Cao Thi\Desktop\Project-OOP\VoLamTruyenKi\soure\VoLamTruyenKI\VoLamTruyenKi\XuLi.cpp(52,36): warning C4244: '=': conversion from 'double' to 'float', possible loss of data
  Generating Code...
C:\Users\Cao Thi\Desktop\Project-OOP\VoLamTruyenKi\soure\VoLamTruyenKI\VoLamTruyenKi\QuaiVat.cpp(81): warning C4715: 'RandHe': not all control paths return a value
C:\Users\Cao Thi\Desktop\Project-OOP\VoLamTruyenKi\soure\VoLamTruyenKI\VoLamTruyenKi\NhanVat.cpp(111): warning C4715: 'kiemtraHe': not all control paths return a value
  VoLamTruyenKi.vcxproj -> C:\Users\Cao Thi\Desktop\Project-OOP\VoLamTruyenKi\soure\VoLamTruyenKI\Debug\VoLamTruyenKi.exe
